<?xml version="1.0" encoding="UTF-8"?>
<!-- Generated by org.testng.reporters.JUnitReportReporter -->
<testsuite hostname="LAPTOP-O7BRKD6N" failures="0" tests="3" name="tests.DynamicJSON" time="5.700" errors="0" timestamp="2023-01-27T16:16:51 IST" skipped="0">
  <testcase classname="tests.DynamicJSON" name="AddBook" time="0.230"/>
  <system-out/>
  <testcase classname="tests.DynamicJSON" name="AddBook" time="5.274"/>
  <system-out/>
  <testcase classname="tests.DynamicJSON" name="AddBook" time="0.196"/>
  <system-out/>
</testsuite> <!-- tests.DynamicJSON -->
